2025-06-10 15:04:04,074 - INFO - Starting MLB machine learning pipeline
2025-06-10 15:04:04,074 - INFO - Loading training data...
2025-06-10 15:04:04,075 - ERROR - Hitter training data not found at ../MLB_Prop_Data_CSV/hitter_training_data.csv
2025-06-10 15:04:04,075 - ERROR - Pitcher training data not found at ../MLB_Prop_Data_CSV/pitcher_training_data.csv
2025-06-10 15:04:04,075 - INFO - Preprocessing hitter data...
2025-06-10 15:04:04,075 - INFO - Preprocessing pitcher data...
2025-06-10 15:04:04,075 - WARNING - No training data available. Skipping model training.
2025-06-10 15:04:04,075 - WARNING - No training data available. Skipping model training.
2025-06-10 15:04:04,075 - WARNING - No prediction data available for hitter. Skipping predictions.
2025-06-10 15:04:04,075 - WARNING - No prediction data available for pitcher. Skipping predictions.
2025-06-10 15:04:04,075 - WARNING - No predictions were generated.
2025-06-10 15:04:04,075 - INFO - MLB machine learning pipeline completed
2025-06-10 15:04:22,014 - INFO - Starting MLB machine learning pipeline
2025-06-10 15:04:22,014 - INFO - Loading training data...
2025-06-10 15:04:22,018 - INFO - Loaded hitter data with shape: (262, 191)
2025-06-10 15:04:22,019 - INFO - Loaded pitcher data with shape: (63, 76)
2025-06-10 15:04:22,019 - INFO - Preprocessing hitter data...
2025-06-10 15:04:22,020 - INFO - Performing feature engineering for hitter data...
2025-06-10 15:05:25,870 - INFO - Starting MLB machine learning pipeline
2025-06-10 15:05:25,870 - INFO - Loading training data...
2025-06-10 15:05:25,874 - INFO - Loaded hitter data with shape: (262, 191)
2025-06-10 15:05:25,875 - INFO - Loaded pitcher data with shape: (63, 76)
2025-06-10 15:05:25,875 - INFO - Preprocessing hitter data...
2025-06-10 15:05:25,875 - INFO - Performing feature engineering for hitter data...
2025-06-10 15:07:24,156 - INFO - Starting MLB machine learning pipeline
2025-06-10 15:07:24,156 - INFO - Loading training data...
2025-06-10 15:07:24,160 - INFO - Loaded hitter data with shape: (262, 191)
2025-06-10 15:07:24,162 - INFO - Loaded pitcher data with shape: (63, 76)
2025-06-10 15:07:24,162 - INFO - Preprocessing hitter data...
2025-06-10 15:07:24,163 - INFO - Performing feature engineering for hitter data...
2025-06-10 15:07:24,173 - INFO - Preprocessing pitcher data...
2025-06-10 15:07:24,174 - INFO - Performing feature engineering for pitcher data...
2025-06-10 15:07:24,178 - INFO - Training model on 262 samples
2025-06-10 15:07:24,316 - INFO - Model accuracy: 0.87
2025-06-10 15:07:24,319 - INFO - Classification Report:
              precision    recall  f1-score   support

           0       0.88      0.74      0.80        19
           1       0.86      0.94      0.90        34

    accuracy                           0.87        53
   macro avg       0.87      0.84      0.85        53
weighted avg       0.87      0.87      0.87        53

2025-06-10 15:07:24,320 - INFO - Confusion Matrix:
[[14  5]
 [ 2 32]]
2025-06-10 15:07:24,404 - INFO - Model saved to MLB_Models/mlb_hitter_rf_model.pkl
2025-06-10 15:07:24,479 - INFO - Training model on 57 samples
2025-06-10 15:07:24,591 - INFO - Model accuracy: 0.83
2025-06-10 15:07:24,593 - INFO - Classification Report:
              precision    recall  f1-score   support

         0.0       0.86      0.86      0.86         7
         1.0       0.80      0.80      0.80         5

    accuracy                           0.83        12
   macro avg       0.83      0.83      0.83        12
weighted avg       0.83      0.83      0.83        12

2025-06-10 15:07:24,594 - INFO - Confusion Matrix:
[[6 1]
 [1 4]]
2025-06-10 15:07:24,617 - INFO - Model saved to MLB_Models/mlb_pitcher_rf_model.pkl
2025-06-10 15:07:24,618 - WARNING - No prediction data available for hitter. Skipping predictions.
2025-06-10 15:07:24,618 - WARNING - No prediction data available for pitcher. Skipping predictions.
2025-06-10 15:07:24,619 - WARNING - No predictions were generated.
2025-06-10 15:07:24,619 - INFO - MLB machine learning pipeline completed
2025-06-10 15:14:04,942 - INFO - Starting MLB machine learning pipeline
2025-06-10 15:14:04,942 - INFO - Loading training data...
2025-06-10 15:14:04,948 - INFO - Loaded hitter data with shape: (262, 191)
2025-06-10 15:14:04,949 - INFO - Loaded pitcher data with shape: (63, 76)
2025-06-10 15:14:04,949 - INFO - Preprocessing hitter data...
2025-06-10 15:14:04,951 - INFO - Performing feature engineering for hitter data...
2025-06-10 15:14:04,966 - INFO - Preprocessing pitcher data...
2025-06-10 15:14:04,966 - INFO - Performing feature engineering for pitcher data...
2025-06-10 15:14:04,972 - INFO - Training model on 262 samples
2025-06-10 15:14:05,104 - INFO - Model accuracy: 0.87
2025-06-10 15:14:05,107 - INFO - Classification Report:
              precision    recall  f1-score   support

           0       0.88      0.74      0.80        19
           1       0.86      0.94      0.90        34

    accuracy                           0.87        53
   macro avg       0.87      0.84      0.85        53
weighted avg       0.87      0.87      0.87        53

2025-06-10 15:14:05,108 - INFO - Confusion Matrix:
[[14  5]
 [ 2 32]]
2025-06-10 15:14:05,193 - INFO - Model saved to MLB_Models/mlb_hitter_rf_model.pkl
2025-06-10 15:14:05,260 - INFO - Training model on 57 samples
2025-06-10 15:14:05,376 - INFO - Model accuracy: 0.83
2025-06-10 15:14:05,378 - INFO - Classification Report:
              precision    recall  f1-score   support

         0.0       0.86      0.86      0.86         7
         1.0       0.80      0.80      0.80         5

    accuracy                           0.83        12
   macro avg       0.83      0.83      0.83        12
weighted avg       0.83      0.83      0.83        12

2025-06-10 15:14:05,379 - INFO - Confusion Matrix:
[[6 1]
 [1 4]]
2025-06-10 15:14:05,403 - INFO - Model saved to MLB_Models/mlb_pitcher_rf_model.pkl
2025-06-10 15:14:05,404 - WARNING - No prediction data available for hitter. Skipping predictions.
2025-06-10 15:14:05,405 - WARNING - No prediction data available for pitcher. Skipping predictions.
2025-06-10 15:14:05,405 - WARNING - No predictions were generated.
2025-06-10 15:14:05,405 - INFO - MLB machine learning pipeline completed
2025-06-10 15:16:41,260 - INFO - Starting MLB machine learning pipeline
2025-06-10 15:16:41,260 - INFO - Loading training data...
2025-06-10 15:16:41,264 - INFO - Loaded hitter data with shape: (262, 191)
2025-06-10 15:16:41,265 - INFO - Loaded pitcher data with shape: (63, 76)
2025-06-10 15:16:41,265 - INFO - Preprocessing hitter data...
2025-06-10 15:16:41,266 - INFO - Performing feature engineering for hitter data...
2025-06-10 15:16:41,278 - INFO - Preprocessing pitcher data...
2025-06-10 15:16:41,279 - INFO - Performing feature engineering for pitcher data...
2025-06-10 15:16:41,283 - INFO - Training model on 262 samples
2025-06-10 15:16:41,406 - INFO - Model accuracy: 0.87
2025-06-10 15:16:41,409 - INFO - Classification Report:
              precision    recall  f1-score   support

           0       0.88      0.74      0.80        19
           1       0.86      0.94      0.90        34

    accuracy                           0.87        53
   macro avg       0.87      0.84      0.85        53
weighted avg       0.87      0.87      0.87        53

2025-06-10 15:16:41,409 - INFO - Confusion Matrix:
[[14  5]
 [ 2 32]]
2025-06-10 15:16:41,494 - INFO - Model saved to MLB_Models/mlb_hitter_rf_model.pkl
2025-06-10 15:16:41,537 - INFO - Training model on 57 samples
2025-06-10 15:16:41,648 - INFO - Model accuracy: 0.83
2025-06-10 15:16:41,650 - INFO - Classification Report:
              precision    recall  f1-score   support

         0.0       0.86      0.86      0.86         7
         1.0       0.80      0.80      0.80         5

    accuracy                           0.83        12
   macro avg       0.83      0.83      0.83        12
weighted avg       0.83      0.83      0.83        12

2025-06-10 15:16:41,651 - INFO - Confusion Matrix:
[[6 1]
 [1 4]]
2025-06-10 15:16:41,674 - INFO - Model saved to MLB_Models/mlb_pitcher_rf_model.pkl
2025-06-10 15:16:41,675 - WARNING - No prediction data available for hitter. Skipping predictions.
2025-06-10 15:16:41,675 - WARNING - No prediction data available for pitcher. Skipping predictions.
2025-06-10 15:16:41,675 - WARNING - No predictions were generated.
2025-06-10 15:16:41,675 - INFO - MLB machine learning pipeline completed
2025-06-10 16:01:44,028 - INFO - Starting MLB machine learning pipeline
2025-06-10 16:01:44,028 - INFO - Loading master datasets for prediction...
2025-06-10 16:01:44,034 - INFO - Loaded hitter master data with shape: (364, 170)
2025-06-10 16:01:44,035 - INFO - Added Hit column to hitter data
2025-06-10 16:01:44,036 - INFO - Loaded pitcher master data with shape: (101, 62)
2025-06-10 16:01:44,037 - INFO - Added Hit column to pitcher data
2025-06-10 16:01:44,040 - INFO - Loaded hitter training data with shape: (262, 191)
2025-06-10 16:01:44,041 - INFO - Combined hitter data shape: (626, 192)
2025-06-10 16:01:44,042 - INFO - Loaded pitcher training data with shape: (63, 76)
2025-06-10 16:01:44,043 - INFO - Combined pitcher data shape: (164, 78)
2025-06-10 16:01:44,043 - INFO - Preprocessing hitter data...
2025-06-10 16:01:44,044 - INFO - Performing feature engineering for hitter data...
2025-06-10 16:01:44,058 - INFO - Preprocessing pitcher data...
2025-06-10 16:01:44,058 - INFO - Performing feature engineering for pitcher data...
2025-06-10 16:01:44,063 - INFO - Training model on 262 samples
2025-06-10 16:01:44,200 - INFO - Model accuracy: 0.85
2025-06-10 16:01:44,203 - INFO - Classification Report:
              precision    recall  f1-score   support

         0.0       0.82      0.74      0.78        19
         1.0       0.86      0.91      0.89        34

    accuracy                           0.85        53
   macro avg       0.84      0.82      0.83        53
weighted avg       0.85      0.85      0.85        53

2025-06-10 16:01:44,204 - INFO - Confusion Matrix:
[[14  5]
 [ 3 31]]
2025-06-10 16:01:44,289 - INFO - Model saved to MLB_Models/mlb_hitter_rf_model.pkl
2025-06-10 16:01:44,358 - INFO - Training model on 57 samples
2025-06-10 16:01:44,468 - INFO - Model accuracy: 0.83
2025-06-10 16:01:44,470 - INFO - Classification Report:
              precision    recall  f1-score   support

         0.0       0.86      0.86      0.86         7
         1.0       0.80      0.80      0.80         5

    accuracy                           0.83        12
   macro avg       0.83      0.83      0.83        12
weighted avg       0.83      0.83      0.83        12

2025-06-10 16:01:44,471 - INFO - Confusion Matrix:
[[6 1]
 [1 4]]
2025-06-10 16:01:44,495 - INFO - Model saved to MLB_Models/mlb_pitcher_rf_model.pkl
2025-06-10 16:01:44,495 - INFO - Making predictions for 364 hitter props
2025-06-10 16:01:44,569 - INFO - Making predictions for 89 pitcher props
2025-06-10 16:01:44,615 - INFO - All predictions saved to MLB_Results/2025-06-10_mlb_predictions.csv
2025-06-10 16:01:44,616 - INFO - Top picks saved to MLB_Results/2025-06-10_mlb_top_picks.csv
2025-06-10 16:01:44,618 - INFO - MLB machine learning pipeline completed
2025-06-10 22:27:46,318 - INFO - Starting MLB machine learning pipeline
2025-06-10 22:27:46,319 - INFO - Loading master datasets for prediction...
2025-06-10 22:27:46,323 - INFO - Loaded hitter master data with shape: (364, 170)
2025-06-10 22:27:46,324 - INFO - Added Hit column to hitter data
2025-06-10 22:27:46,325 - INFO - Loaded pitcher master data with shape: (101, 62)
2025-06-10 22:27:46,325 - INFO - Added Hit column to pitcher data
2025-06-10 22:27:46,329 - INFO - Loaded hitter training data with shape: (262, 191)
2025-06-10 22:27:46,330 - INFO - Combined hitter data shape: (626, 192)
2025-06-10 22:27:46,331 - INFO - Loaded pitcher training data with shape: (63, 76)
2025-06-10 22:27:46,332 - INFO - Combined pitcher data shape: (164, 78)
2025-06-10 22:27:46,332 - INFO - Preprocessing hitter data...
2025-06-10 22:27:46,333 - INFO - Performing feature engineering for hitter data...
2025-06-10 22:27:46,349 - INFO - Preprocessing pitcher data...
2025-06-10 22:27:46,350 - INFO - Performing feature engineering for pitcher data...
2025-06-10 22:27:46,355 - INFO - Training model on 262 samples
2025-06-10 22:27:46,495 - INFO - Model accuracy: 0.85
2025-06-10 22:27:46,498 - INFO - Classification Report:
              precision    recall  f1-score   support

         0.0       0.82      0.74      0.78        19
         1.0       0.86      0.91      0.89        34

    accuracy                           0.85        53
   macro avg       0.84      0.82      0.83        53
weighted avg       0.85      0.85      0.85        53

2025-06-10 22:27:46,499 - INFO - Confusion Matrix:
[[14  5]
 [ 3 31]]
2025-06-10 22:27:46,587 - INFO - Model saved to MLB_Models/mlb_hitter_rf_model.pkl
2025-06-10 22:27:46,659 - INFO - Training model on 57 samples
2025-06-10 22:27:46,769 - INFO - Model accuracy: 0.83
2025-06-10 22:27:46,771 - INFO - Classification Report:
              precision    recall  f1-score   support

         0.0       0.86      0.86      0.86         7
         1.0       0.80      0.80      0.80         5

    accuracy                           0.83        12
   macro avg       0.83      0.83      0.83        12
weighted avg       0.83      0.83      0.83        12

2025-06-10 22:27:46,772 - INFO - Confusion Matrix:
[[6 1]
 [1 4]]
2025-06-10 22:27:46,797 - INFO - Model saved to MLB_Models/mlb_pitcher_rf_model.pkl
2025-06-10 22:27:46,798 - INFO - Making predictions for 364 hitter props
2025-06-10 22:27:46,855 - INFO - Making predictions for 89 pitcher props
2025-06-10 22:27:46,905 - INFO - All predictions saved to MLB_Results/2025-06-10_mlb_predictions.csv
2025-06-10 22:27:46,906 - INFO - Top picks saved to MLB_Results/2025-06-10_mlb_top_picks.csv
2025-06-10 22:27:46,908 - INFO - MLB machine learning pipeline completed
2025-06-11 11:34:18,400 - INFO - Starting MLB machine learning pipeline
2025-06-11 11:34:18,400 - INFO - Loading master datasets for prediction...
2025-06-11 11:34:18,405 - INFO - Loaded hitter master data with shape: (402, 170)
2025-06-11 11:34:18,405 - INFO - Added Hit column to hitter data
2025-06-11 11:34:18,406 - INFO - Loaded pitcher master data with shape: (91, 61)
2025-06-11 11:34:18,406 - INFO - Added Hit column to pitcher data
2025-06-11 11:34:18,406 - INFO - No hitter training data found at MLB_Prop_Data_CSV/hitter_training_data.csv
2025-06-11 11:34:18,406 - INFO - No pitcher training data found at MLB_Prop_Data_CSV/pitcher_training_data.csv
2025-06-11 11:34:18,406 - INFO - Preprocessing hitter data...
2025-06-11 11:34:18,407 - INFO - Performing feature engineering for hitter data...
2025-06-11 11:34:18,418 - INFO - Preprocessing pitcher data...
2025-06-11 11:34:18,419 - INFO - Performing feature engineering for pitcher data...
2025-06-11 11:34:18,423 - WARNING - No training data available. Skipping model training.
2025-06-11 11:34:18,423 - WARNING - No training data available. Skipping model training.
2025-06-11 11:34:18,423 - WARNING - No prediction data available for hitter. Skipping predictions.
2025-06-11 11:34:18,424 - WARNING - No prediction data available for pitcher. Skipping predictions.
2025-06-11 11:34:18,424 - WARNING - No predictions were generated.
2025-06-11 11:34:18,424 - INFO - MLB machine learning pipeline completed
2025-06-11 11:41:41,912 - INFO - Starting MLB machine learning pipeline
2025-06-11 11:41:41,912 - INFO - Loading master datasets for prediction...
2025-06-11 11:41:41,916 - INFO - Loaded hitter master data with shape: (402, 170)
2025-06-11 11:41:41,916 - INFO - Added Hit column to hitter data
2025-06-11 11:41:41,917 - INFO - Loaded pitcher master data with shape: (91, 61)
2025-06-11 11:41:41,917 - INFO - Added Hit column to pitcher data
2025-06-11 11:41:41,917 - INFO - No hitter training data found at MLB_Prop_Data_CSV/hitter_training_data.csv
2025-06-11 11:41:41,917 - INFO - No pitcher training data found at MLB_Prop_Data_CSV/pitcher_training_data.csv
2025-06-11 11:41:41,917 - INFO - Preprocessing hitter data...
2025-06-11 11:41:41,918 - INFO - Performing feature engineering for hitter data...
2025-06-11 11:41:41,930 - INFO - Preprocessing pitcher data...
2025-06-11 11:41:41,930 - INFO - Performing feature engineering for pitcher data...
2025-06-11 11:41:41,935 - WARNING - No training data available. Skipping model training.
2025-06-11 11:41:41,935 - WARNING - No training data available. Skipping model training.
2025-06-11 11:41:41,935 - WARNING - No prediction data available for hitter. Skipping predictions.
2025-06-11 11:41:41,935 - WARNING - No prediction data available for pitcher. Skipping predictions.
2025-06-11 11:41:41,935 - WARNING - No predictions were generated.
2025-06-11 11:41:41,935 - INFO - MLB machine learning pipeline completed
2025-06-11 11:49:33,043 - INFO - Starting MLB machine learning pipeline
2025-06-11 11:49:33,043 - INFO - Loading master datasets for prediction...
2025-06-11 11:49:33,047 - INFO - Loaded hitter master data with shape: (402, 170)
2025-06-11 11:49:33,048 - INFO - Loaded pitcher master data with shape: (91, 61)
2025-06-11 11:49:33,048 - INFO - No hitter training data found - will proceed with predictions only
2025-06-11 11:49:33,048 - INFO - No pitcher training data found - will proceed with predictions only
2025-06-11 11:49:33,048 - INFO - Preprocessing hitter data...
2025-06-11 11:49:33,048 - WARNING - 'Hit' column missing. Assuming this is a prediction day.
2025-06-11 11:49:33,048 - INFO - Performing feature engineering for hitter data...
2025-06-11 11:49:33,061 - INFO - Preprocessing pitcher data...
2025-06-11 11:49:33,061 - WARNING - 'Hit' column missing. Assuming this is a prediction day.
2025-06-11 11:49:33,061 - INFO - Performing feature engineering for pitcher data...
2025-06-11 11:49:33,066 - WARNING - No prediction data available for hitter. Skipping predictions.
2025-06-11 11:49:33,066 - WARNING - No prediction data available for pitcher. Skipping predictions.
2025-06-11 11:50:52,257 - INFO - Starting MLB machine learning pipeline
2025-06-11 11:50:52,258 - INFO - Loading master datasets for prediction...
2025-06-11 11:50:52,262 - INFO - Loaded hitter master data with shape: (402, 170)
2025-06-11 11:50:52,263 - INFO - Loaded pitcher master data with shape: (91, 61)
2025-06-11 11:50:52,263 - INFO - No hitter training data found - will proceed with predictions only
2025-06-11 11:50:52,264 - INFO - No pitcher training data found - will proceed with predictions only
2025-06-11 11:50:52,264 - INFO - Preprocessing hitter data...
2025-06-11 11:50:52,264 - WARNING - 'Hit' column missing. Adding Hit column with default values.
2025-06-11 11:50:52,264 - INFO - Performing feature engineering for hitter data...
2025-06-11 11:50:52,276 - INFO - Preprocessing pitcher data...
2025-06-11 11:50:52,276 - WARNING - 'Hit' column missing. Adding Hit column with default values.
2025-06-11 11:50:52,276 - INFO - Performing feature engineering for pitcher data...
2025-06-11 11:50:52,280 - INFO - Making predictions for 402 hitter props using master data
2025-06-11 11:50:52,519 - ERROR - Error making predictions: index 1 is out of bounds for axis 1 with size 1
2025-06-11 11:50:52,520 - INFO - Making predictions for 81 pitcher props using master data
2025-06-11 11:50:52,640 - ERROR - Error making predictions: index 1 is out of bounds for axis 1 with size 1
2025-06-11 11:52:29,390 - INFO - Starting MLB machine learning pipeline
2025-06-11 11:52:29,390 - INFO - Loading master datasets for prediction...
2025-06-11 11:52:29,394 - INFO - Loaded hitter master data with shape: (402, 170)
2025-06-11 11:52:29,394 - INFO - Added Hit column to hitter data
2025-06-11 11:52:29,395 - INFO - Loaded pitcher master data with shape: (91, 61)
2025-06-11 11:52:29,395 - INFO - Added Hit column to pitcher data
2025-06-11 11:52:29,395 - INFO - No hitter training data found at MLB_Prop_Data_CSV/hitter_training_data.csv
2025-06-11 11:52:29,395 - INFO - No pitcher training data found at MLB_Prop_Data_CSV/pitcher_training_data.csv
2025-06-11 11:52:29,396 - INFO - Preprocessing hitter data...
2025-06-11 11:52:29,396 - INFO - Performing feature engineering for hitter data...
2025-06-11 11:52:29,408 - INFO - Preprocessing pitcher data...
2025-06-11 11:52:29,408 - INFO - Performing feature engineering for pitcher data...
2025-06-11 11:52:29,413 - WARNING - No training data available. Skipping model training.
2025-06-11 11:52:29,413 - WARNING - No training data available. Skipping model training.
2025-06-11 11:52:29,413 - WARNING - No prediction data available for hitter. Skipping predictions.
2025-06-11 11:52:29,413 - WARNING - No prediction data available for pitcher. Skipping predictions.
2025-06-11 11:52:29,413 - WARNING - No predictions were generated.
2025-06-11 11:52:29,413 - INFO - MLB machine learning pipeline completed
2025-06-11 11:53:03,991 - INFO - Starting MLB machine learning pipeline
2025-06-11 11:53:03,991 - INFO - Loading master datasets for prediction...
2025-06-11 11:53:03,996 - INFO - Loaded hitter master data with shape: (402, 170)
2025-06-11 11:53:03,997 - INFO - Added Hit column to hitter data
2025-06-11 11:53:03,997 - INFO - Loaded pitcher master data with shape: (91, 61)
2025-06-11 11:53:03,998 - INFO - Added Hit column to pitcher data
2025-06-11 11:53:03,998 - INFO - No hitter training data found at MLB_Prop_Data_CSV/hitter_training_data.csv
2025-06-11 11:53:03,998 - INFO - No pitcher training data found at MLB_Prop_Data_CSV/pitcher_training_data.csv
2025-06-11 11:53:03,998 - INFO - Preprocessing hitter data...
2025-06-11 11:53:03,998 - INFO - Performing feature engineering for hitter data...
2025-06-11 11:53:04,010 - INFO - Preprocessing pitcher data...
2025-06-11 11:53:04,011 - INFO - Performing feature engineering for pitcher data...
2025-06-11 11:53:04,015 - WARNING - No training data available. Skipping model training.
2025-06-11 11:53:04,015 - WARNING - No training data available. Skipping model training.
2025-06-11 11:53:04,015 - WARNING - No prediction data available for hitter. Skipping predictions.
2025-06-11 11:53:04,015 - WARNING - No prediction data available for pitcher. Skipping predictions.
2025-06-11 11:53:04,015 - WARNING - No predictions were generated.
2025-06-11 11:53:04,015 - INFO - MLB machine learning pipeline completed
2025-06-11 11:54:28,072 - INFO - Starting MLB machine learning pipeline
2025-06-11 11:54:28,072 - INFO - Loading master datasets for prediction...
2025-06-11 11:54:28,076 - INFO - Loaded hitter master data with shape: (402, 170)
2025-06-11 11:54:28,076 - INFO - Added Hit column to hitter data
2025-06-11 11:54:28,077 - INFO - Loaded pitcher master data with shape: (91, 61)
2025-06-11 11:54:28,077 - INFO - Added Hit column to pitcher data
2025-06-11 11:54:28,077 - INFO - No hitter training data found at MLB_Prop_Data_CSV/hitter_training_data.csv
2025-06-11 11:54:28,077 - INFO - No pitcher training data found at MLB_Prop_Data_CSV/pitcher_training_data.csv
2025-06-11 11:54:28,077 - INFO - Preprocessing hitter data...
2025-06-11 11:54:28,078 - INFO - Performing feature engineering for hitter data...
2025-06-11 11:54:28,089 - INFO - Preprocessing pitcher data...
2025-06-11 11:54:28,089 - INFO - Performing feature engineering for pitcher data...
2025-06-11 11:54:28,094 - WARNING - No training data available. Skipping model training.
2025-06-11 11:54:28,094 - WARNING - No training data available. Skipping model training.
2025-06-11 11:54:28,094 - INFO - Making predictions for 402 hitter props
2025-06-11 11:54:28,315 - INFO - Successfully generated predictions for 402 hitter props
2025-06-11 11:54:28,340 - INFO - Saved hitter model to MLB_Models/mlb_hitter_rf_model.pkl
2025-06-11 11:54:28,340 - INFO - Making predictions for 81 pitcher props
2025-06-11 11:54:28,469 - INFO - Successfully generated predictions for 81 pitcher props
2025-06-11 11:54:28,493 - INFO - Saved pitcher model to MLB_Models/mlb_pitcher_rf_model.pkl
2025-06-11 11:54:28,495 - INFO - All predictions saved to MLB_Results/2025-06-11_mlb_predictions.csv
2025-06-11 11:54:28,496 - INFO - Top picks saved to MLB_Results/2025-06-11_mlb_top_picks.csv
2025-06-11 11:54:28,543 - INFO - MLB machine learning pipeline completed
2025-06-11 11:57:07,283 - INFO - Starting MLB machine learning pipeline
2025-06-11 11:57:07,283 - INFO - Loading master datasets for prediction...
2025-06-11 11:57:07,287 - INFO - Loaded hitter master data with shape: (402, 170)
2025-06-11 11:57:07,288 - INFO - Added Hit column to hitter data
2025-06-11 11:57:07,289 - INFO - Loaded pitcher master data with shape: (91, 61)
2025-06-11 11:57:07,289 - INFO - Added Hit column to pitcher data
2025-06-11 11:57:07,289 - INFO - No hitter training data found at MLB_Prop_Data_CSV/hitter_training_data.csv
2025-06-11 11:57:07,289 - INFO - No pitcher training data found at MLB_Prop_Data_CSV/pitcher_training_data.csv
2025-06-11 11:57:07,289 - INFO - Preprocessing hitter data...
2025-06-11 11:57:07,289 - INFO - Performing feature engineering for hitter data...
2025-06-11 11:57:07,302 - INFO - Preprocessing pitcher data...
2025-06-11 11:57:07,302 - INFO - Performing feature engineering for pitcher data...
2025-06-11 11:57:07,306 - WARNING - No training data available. Skipping model training.
2025-06-11 11:57:07,306 - WARNING - No training data available. Skipping model training.
2025-06-11 11:57:07,306 - INFO - Making predictions for 402 hitter props
2025-06-11 11:57:07,407 - INFO - Successfully generated predictions for 402 hitter props
2025-06-11 11:57:07,407 - INFO - Confidence score distribution for hitter:
2025-06-11 11:57:07,407 - INFO - Mean: 0.551
2025-06-11 11:57:07,407 - INFO - Std: 0.058
2025-06-11 11:57:07,407 - INFO - Min: 0.313
2025-06-11 11:57:07,407 - INFO - Max: 0.666
2025-06-11 11:57:07,477 - INFO - Saved hitter model to MLB_Models/mlb_hitter_rf_model.pkl
2025-06-11 11:57:07,477 - INFO - Making predictions for 81 pitcher props
2025-06-11 11:57:07,566 - INFO - Successfully generated predictions for 81 pitcher props
2025-06-11 11:57:07,566 - INFO - Confidence score distribution for pitcher:
2025-06-11 11:57:07,566 - INFO - Mean: 0.554
2025-06-11 11:57:07,566 - INFO - Std: 0.076
2025-06-11 11:57:07,566 - INFO - Min: 0.385
2025-06-11 11:57:07,566 - INFO - Max: 0.722
2025-06-11 11:57:07,579 - INFO - Saved pitcher model to MLB_Models/mlb_pitcher_rf_model.pkl
2025-06-11 11:57:07,581 - INFO - All predictions saved to MLB_Results/2025-06-11_mlb_predictions.csv
2025-06-11 11:57:07,582 - INFO - Top picks saved to MLB_Results/2025-06-11_mlb_top_picks.csv
2025-06-11 11:57:07,622 - INFO - MLB machine learning pipeline completed
